<?xml version="1.0" encoding="UTF-8"?>
<!-- Generated by org.testng.reporters.JUnitXMLReporter -->
<testsuite hostname="DESKTOP-2I3TPA0" ignored="4" name="Create Stock Test" tests="2" failures="0" timestamp="12 Oct 2022 03:35:22 GMT" time="53.861" errors="0">
  <testcase name="doLogin" time="47.194" classname="testcases.rediff.Session"/>
  <testcase name="addFreshStock" time="5.684" classname="testcases.rediff.StockManagement"/>
  <testcase name="doLogout" time="0.0" classname="testcases.rediff.Session">
    <ignored/>
  </testcase> <!-- doLogout -->
  <testcase name="@BeforeTest beforeTest" time="0.0" classname="testbase.BaseTest">
    <ignored/>
  </testcase> <!-- @BeforeTest beforeTest -->
  <testcase name="modifyStock" time="0.0" classname="testcases.rediff.StockManagement">
    <ignored/>
  </testcase> <!-- modifyStock -->
  <testcase name="@AfterTest quit" time="0.0" classname="testbase.BaseTest">
    <ignored/>
  </testcase> <!-- @AfterTest quit -->
</testsuite> <!-- Create Stock Test -->
