<?xml version="1.0" encoding="UTF-8"?>
<!-- Generated by org.testng.reporters.JUnitXMLReporter -->
<testsuite hostname="DESKTOP-2I3TPA0" ignored="4" name="Create Portfolio Test" tests="2" failures="0" timestamp="21 Oct 2022 03:48:37 GMT" time="64.217" errors="0">
  <testcase name="doLogin" time="48.81" classname="testcases.rediff.Session"/>
  <testcase name="createPortfolio" time="13.538" classname="testcases.rediff.PortfolioManagement"/>
  <testcase name="doLogout" time="0.0" classname="testcases.rediff.Session">
    <ignored/>
  </testcase> <!-- doLogout -->
  <testcase name="@BeforeTest beforeTest" time="0.0" classname="testbase.BaseTest">
    <ignored/>
  </testcase> <!-- @BeforeTest beforeTest -->
  <testcase name="deletePortfolio" time="0.0" classname="testcases.rediff.PortfolioManagement">
    <ignored/>
  </testcase> <!-- deletePortfolio -->
  <testcase name="@AfterTest quit" time="0.0" classname="testbase.BaseTest">
    <ignored/>
  </testcase> <!-- @AfterTest quit -->
</testsuite> <!-- Create Portfolio Test -->
