<?xml version="1.0" encoding="UTF-8"?>
<!-- Generated by org.testng.reporters.JUnitXMLReporter -->
<testsuite hostname="DESKTOP-2I3TPA0" ignored="1" name="Create Portfolio-Create portfolio 2nd run" tests="1" failures="1" timestamp="25 Oct 2022 12:33:08 GMT" time="0.003" errors="0">
  <testcase name="@AfterTest quit" time="0.0" classname="testbase.BaseTest">
    <failure type="java.lang.NullPointerException">
      <![CDATA[java.lang.NullPointerException
at Keywords.GenericKeywords.quit(GenericKeywords.java:292)
at testbase.BaseTest.quit(BaseTest.java:62)
at runner.TestNGRunner.run(TestNGRunner.java:69)
at runner.JSONRunner.main(JSONRunner.java:81)
... Removed 21 stack frames]]>
    </failure>
  </testcase> <!-- @AfterTest quit -->
  <testcase name="createPortfolio" time="0.0" classname="testcases.rediff.PortfolioManagement">
    <failure type="java.lang.IllegalArgumentException" message="Input must be set">
      <![CDATA[java.lang.IllegalArgumentException: Input must be set
at org.openqa.selenium.internal.Require.nonNull(Require.java:51)
at org.openqa.selenium.support.ui.FluentWait.<init>(FluentWait.java:100)
at org.openqa.selenium.support.ui.WebDriverWait.<init>(WebDriverWait.java:128)
at org.openqa.selenium.support.ui.WebDriverWait.<init>(WebDriverWait.java:61)
at Keywords.GenericKeywords.isElementPresent(GenericKeywords.java:125)
at Keywords.GenericKeywords.getWebElement(GenericKeywords.java:111)
at Keywords.GenericKeywords.click(GenericKeywords.java:107)
at testcases.rediff.PortfolioManagement.createPortfolio(PortfolioManagement.java:16)
at runner.TestNGRunner.run(TestNGRunner.java:69)
at runner.JSONRunner.main(JSONRunner.java:81)
... Removed 22 stack frames]]>
    </failure>
  </testcase> <!-- createPortfolio -->
  <testcase name="deletePortfolio" time="0.0" classname="testcases.rediff.PortfolioManagement">
    <ignored/>
  </testcase> <!-- deletePortfolio -->
</testsuite> <!-- Create Portfolio-Create portfolio 2nd run -->
