<?xml version="1.0" encoding="UTF-8"?>
<!-- Generated by org.testng.reporters.JUnitXMLReporter -->
<testsuite hostname="DESKTOP-2I3TPA0" ignored="1" name="Delete Portfolio test" tests="0" failures="0" timestamp="21 Oct 2022 03:48:37 GMT" time="0.007" errors="0">
  <testcase name="@AfterTest quit" time="0.001" classname="testbase.BaseTest">
    <failure type="java.lang.NullPointerException">
      <![CDATA[java.lang.NullPointerException
at Keywords.GenericKeywords.quit(GenericKeywords.java:292)
at testbase.BaseTest.quit(BaseTest.java:62)
at runner.TestNGRunner.run(TestNGRunner.java:69)
at runner.Runner.main(Runner.java:28)
... Removed 21 stack frames]]>
    </failure>
  </testcase> <!-- @AfterTest quit -->
  <testcase name="createPortfolio" time="0.0" classname="testcases.rediff.PortfolioManagement">
    <ignored/>
  </testcase> <!-- createPortfolio -->
</testsuite> <!-- Delete Portfolio test -->
